c:\users\9rodm_000\documents\visual studio 2015\projects\comp7\comp7\debug\vc140.pdb
c:\users\9rodm_000\documents\visual studio 2015\projects\comp7\comp7\debug\vc140.idb
c:\users\9rodm_000\documents\visual studio 2015\projects\comp7\comp7\debug\comp7.obj
c:\users\9rodm_000\documents\visual studio 2015\projects\comp7\comp7\debug\minigame.obj
c:\users\9rodm_000\documents\visual studio 2015\projects\comp7\debug\comp7.ilk
c:\users\9rodm_000\documents\visual studio 2015\projects\comp7\debug\comp7.exe
c:\users\9rodm_000\documents\visual studio 2015\projects\comp7\debug\comp7.pdb
c:\users\9rodm_000\documents\testcp2project\comp7\comp7\debug\comp7.obj
c:\users\9rodm_000\documents\testcp2project\comp7\comp7\debug\minigame.obj
c:\users\9rodm_000\documents\testcp2project\comp7\comp7\debug\vc140.idb
c:\users\9rodm_000\documents\testcp2project\comp7\comp7\debug\vc140.pdb
c:\users\9rodm_000\documents\testcp2project\comp7\debug\comp7.pdb
c:\users\9rodm_000\documents\testcp2project\comp7\debug\comp7.exe
c:\users\9rodm_000\documents\testcp2project\comp7\debug\comp7.ilk
c:\users\9rodm_000\documents\testcp2project\comp7\comp7\debug\comp7.tlog\cl.command.1.tlog
c:\users\9rodm_000\documents\testcp2project\comp7\comp7\debug\comp7.tlog\cl.read.1.tlog
c:\users\9rodm_000\documents\testcp2project\comp7\comp7\debug\comp7.tlog\cl.write.1.tlog
c:\users\9rodm_000\documents\testcp2project\comp7\comp7\debug\comp7.tlog\link.command.1.tlog
c:\users\9rodm_000\documents\testcp2project\comp7\comp7\debug\comp7.tlog\link.read.1.tlog
c:\users\9rodm_000\documents\testcp2project\comp7\comp7\debug\comp7.tlog\link.write.1.tlog
